<?xml version="1.0" encoding="UTF-8"?>
<!-- Generated by org.testng.reporters.JUnitReportReporter -->
<testsuite hostname="Vishnu-PC" failures="0" tests="1" name="com.inerBanking.testCases.AddCustomerPageTest" time="15.996" errors="0" timestamp="2023-09-16T18:20:06 IST" skipped="0">
  <testcase classname="com.inerBanking.testCases.AddCustomerPageTest" name="addNewCustomer" time="15.996"/>
</testsuite> <!-- com.inerBanking.testCases.AddCustomerPageTest -->
